2021-01-30T11:44:21+00:00 CRITICAL Maximum execution time of 30 seconds exceeded in C:\xampp\htdocs\wordpress\wp-content\plugins\woocommerce\packages\action-scheduler\classes\data-stores\ActionScheduler_DBStore.php on line 10

2021-01-30T11:45:42+00:00 CRITICAL Maximum execution time of 30 seconds exceeded in C:\xampp\htdocs\wordpress\wp-includes\Requests\Transport\cURL.php on line 437

2021-01-30T12:17:38+00:00 CRITICAL Maximum execution time of 30 seconds exceeded in C:\xampp\htdocs\wordpress\wp-includes\rest-api\endpoints\class-wp-rest-controller.php on line 397

2021-01-30T12:17:38+00:00 CRITICAL Maximum execution time of 30 seconds exceeded in C:\xampp\htdocs\wordpress\wp-includes\wp-db.php on line 2056

2021-01-30T12:17:39+00:00 CRITICAL Maximum execution time of 30 seconds exceeded in C:\xampp\htdocs\wordpress\wp-content\plugins\woocommerce\packages\woocommerce-admin\src\Notes\WC_Admin_Note.php on line 12

2021-01-30T12:17:39+00:00 CRITICAL Maximum execution time of 30 seconds exceeded in C:\xampp\htdocs\wordpress\wp-content\plugins\woocommerce\packages\woocommerce-admin\src\API\Coupons.php on line 12

2021-01-30T12:17:39+00:00 CRITICAL Maximum execution time of 30 seconds exceeded in C:\xampp\htdocs\wordpress\wp-content\plugins\woocommerce\packages\woocommerce-rest-api\src\Controllers\Version2\class-wc-rest-tax-classes-v2-controller.php on line 11

2021-01-30T12:17:39+00:00 CRITICAL Maximum execution time of 30 seconds exceeded in C:\xampp\htdocs\wordpress\wp-content\plugins\elementor\includes\managers\icons.php on line 6

2021-01-30T12:17:42+00:00 CRITICAL Maximum execution time of 30 seconds exceeded in C:\xampp\htdocs\wordpress\wp-content\plugins\woocommerce\packages\woocommerce-rest-api\src\Controllers\Version2\class-wc-rest-orders-v2-controller.php on line 829

2021-01-30T12:17:50+00:00 CRITICAL Maximum execution time of 30 seconds exceeded in C:\xampp\htdocs\wordpress\wp-includes\rest-api\class-wp-rest-server.php on line 903

2021-01-30T12:26:18+00:00 CRITICAL Maximum execution time of 30 seconds exceeded in C:\xampp\htdocs\wordpress\wp-includes\wp-db.php on line 2056

2021-01-30T12:26:19+00:00 CRITICAL Maximum execution time of 30 seconds exceeded in C:\xampp\htdocs\wordpress\wp-includes\wp-db.php on line 2056

2021-01-30T12:31:41+00:00 CRITICAL Maximum execution time of 30 seconds exceeded in C:\xampp\htdocs\wordpress\wp-includes\wp-db.php on line 2056

2021-01-30T12:31:42+00:00 CRITICAL Maximum execution time of 30 seconds exceeded in C:\xampp\htdocs\wordpress\wp-includes\wp-db.php on line 2056

2021-01-30T12:31:43+00:00 CRITICAL Maximum execution time of 30 seconds exceeded in C:\xampp\htdocs\wordpress\wp-includes\rest-api.php on line 108

2021-01-30T12:31:45+00:00 CRITICAL Maximum execution time of 30 seconds exceeded in C:\xampp\htdocs\wordpress\wp-content\plugins\woocommerce\packages\woocommerce-blocks\src\Assets.php on line 156

2021-01-30T12:31:47+00:00 CRITICAL Maximum execution time of 30 seconds exceeded in C:\xampp\htdocs\wordpress\wp-content\plugins\woocommerce\packages\woocommerce-admin\src\API\Customers.php on line 12

2021-01-30T12:31:51+00:00 CRITICAL Maximum execution time of 30 seconds exceeded in C:\xampp\htdocs\wordpress\wp-includes\wp-db.php on line 2056

2021-01-30T12:32:06+00:00 CRITICAL Maximum execution time of 30 seconds exceeded in C:\xampp\htdocs\wordpress\wp-content\plugins\woocommerce\packages\woocommerce-rest-api\src\Controllers\Version3\class-wc-rest-settings-controller.php on line 11

2021-01-30T12:32:13+00:00 CRITICAL Maximum execution time of 30 seconds exceeded in C:\xampp\htdocs\wordpress\wp-content\plugins\woocommerce\packages\woocommerce-rest-api\src\Controllers\Version3\class-wc-rest-shipping-zones-controller.php on line 11

2021-01-30T12:32:20+00:00 CRITICAL Maximum execution time of 30 seconds exceeded in C:\xampp\htdocs\wordpress\wp-content\plugins\woocommerce\packages\woocommerce-rest-api\src\Controllers\Version3\class-wc-rest-customer-downloads-controller.php on line 11

2021-01-30T12:32:29+00:00 CRITICAL Maximum execution time of 30 seconds exceeded in C:\xampp\htdocs\wordpress\wp-includes\l10n.php on line 177

2021-01-30T12:32:31+00:00 CRITICAL Maximum execution time of 30 seconds exceeded in C:\xampp\htdocs\wordpress\wp-includes\rest-api.php on line 91

2021-01-30T12:32:46+00:00 CRITICAL Maximum execution time of 30 seconds exceeded in C:\xampp\htdocs\wordpress\wp-includes\functions.php on line 4459

2021-01-30T12:32:48+00:00 CRITICAL Maximum execution time of 30 seconds exceeded in C:\xampp\htdocs\wordpress\wp-content\plugins\woocommerce\packages\woocommerce-rest-api\src\Controllers\Version2\class-wc-rest-customer-downloads-v2-controller.php on line 11

2021-01-30T12:32:56+00:00 CRITICAL Maximum execution time of 30 seconds exceeded in C:\xampp\htdocs\wordpress\wp-includes\wp-db.php on line 2056

2021-01-30T12:32:56+00:00 CRITICAL Maximum execution time of 30 seconds exceeded in C:\xampp\htdocs\wordpress\wp-content\plugins\woocommerce\packages\woocommerce-rest-api\src\Controllers\Version2\class-wc-rest-customer-downloads-v2-controller.php on line 11

2021-01-30T12:34:16+00:00 CRITICAL Maximum execution time of 30 seconds exceeded in C:\xampp\htdocs\wordpress\wp-includes\wp-db.php on line 2056

2021-01-30T12:34:16+00:00 CRITICAL Maximum execution time of 30 seconds exceeded in C:\xampp\htdocs\wordpress\wp-content\plugins\astra-sites\inc\classes\class-astra-sites.php on line 9

2021-01-30T12:34:24+00:00 CRITICAL Maximum execution time of 30 seconds exceeded in C:\xampp\htdocs\wordpress\wp-includes\plugin.php on line 198

2021-01-30T12:34:24+00:00 CRITICAL Maximum execution time of 30 seconds exceeded in C:\xampp\htdocs\wordpress\wp-includes\wp-db.php on line 2056

